Region 16 -> Dia+1: Temp=47.18 Hum=100.00 Viento=4.49
Region 24 -> Dia+1: Temp=-10.70 Hum=24.44 Viento=-0.00
Region 12 -> Dia+1: Temp=33.54 Hum=20.15 Viento=17.79
Region 8 -> Dia+1: Temp=73.44 Hum=0.00 Viento=-0.00
Region 4 -> Dia+1: Temp=71.23 Hum=100.00 Viento=25.62
Region 28 -> Dia+1: Temp=-11.30 Hum=97.47 Viento=-0.00
Region 17 -> Dia+1: Temp=63.25 Hum=54.89 Viento=26.07
Region 25 -> Dia+1: Temp=6.63 Hum=100.00 Viento=-0.00
Region 13 -> Dia+1: Temp=57.58 Hum=8.92 Viento=-0.00
Region 20 -> Dia+1: Temp=41.19 Hum=0.28 Viento=-0.00
Region 9 -> Dia+1: Temp=39.95 Hum=13.39 Viento=8.60
Region 5 -> Dia+1: Temp=9.70 Hum=100.00 Viento=-0.00
Region 26 -> Dia+1: Temp=65.33 Hum=22.71 Viento=-0.00
Region 18 -> Dia+1: Temp=104.09 Hum=100.00 Viento=-0.00
Region 14 -> Dia+1: Temp=12.15 Hum=69.37 Viento=19.08
Region 27 -> Dia+1: Temp=47.68 Hum=100.00 Viento=-0.00
Region 29 -> Dia+1: Temp=99.98 Hum=100.00 Viento=30.21
Region 19 -> Dia+1: Temp=68.19 Hum=100.00 Viento=31.47
Region 15 -> Dia+1: Temp=69.67 Hum=68.47 Viento=7.83
Region 10 -> Dia+1: Temp=85.32 Hum=100.00 Viento=-0.00
Region 0 -> Dia+1: Temp=-8.12 Hum=100.00 Viento=-0.00
Region 6 -> Dia+1: Temp=91.01 Hum=0.00 Viento=33.84
Region 11 -> Dia+1: Temp=-5.36 Hum=51.02 Viento=5.40
Region 1 -> Dia+1: Temp=37.62 Hum=10.97 Viento=47.77
Region 21 -> Dia+1: Temp=12.58 Hum=0.00 Viento=22.01
Region 7 -> Dia+1: Temp=37.29 Hum=100.00 Viento=-0.00
Region 30 -> Dia+1: Temp=50.77 Hum=0.00 Viento=16.89
Region 2 -> Dia+1: Temp=91.93 Hum=100.00 Viento=-0.00
Region 22 -> Dia+1: Temp=43.36 Hum=0.00 Viento=37.50
Region 31 -> Dia+1: Temp=64.22 Hum=91.08 Viento=22.92
Region 3 -> Dia+1: Temp=1.58 Hum=100.00 Viento=-0.00
Region 23 -> Dia+1: Temp=87.85 Hum=13.17 Viento=27.98
Region 12 -> Dia+2: Temp=33.55 Hum=20.14 Viento=17.79
Region 0 -> Dia+2: Temp=-8.12 Hum=100.00 Viento=-0.00
Region 1 -> Dia+2: Temp=37.62 Hum=10.95 Viento=47.78
Region 8 -> Dia+2: Temp=73.45 Hum=0.00 Viento=-0.00
Region 20 -> Dia+2: Temp=41.19 Hum=0.26 Viento=-0.00
Region 2 -> Dia+2: Temp=91.95 Hum=100.00 Viento=-0.00
Region 28 -> Dia+2: Temp=-11.30 Hum=97.48 Viento=-0.00
Region 4 -> Dia+2: Temp=71.24 Hum=100.00 Viento=25.62
Region 24 -> Dia+2: Temp=-10.71 Hum=24.43 Viento=-0.00
Region 9 -> Dia+2: Temp=39.96 Hum=13.38 Viento=8.60
Region 16 -> Dia+2: Temp=47.19 Hum=100.00 Viento=4.49
Region 3 -> Dia+2: Temp=1.58 Hum=100.00 Viento=-0.01
Region 29 -> Dia+2: Temp=100.00 Hum=100.00 Viento=30.21
Region 5 -> Dia+2: Temp=9.70 Hum=100.00 Viento=-0.00
Region 21 -> Dia+2: Temp=12.58 Hum=0.00 Viento=22.01
Region 13 -> Dia+2: Temp=57.58 Hum=8.91 Viento=-0.00
Region 10 -> Dia+2: Temp=85.33 Hum=100.00 Viento=-0.00
Region 30 -> Dia+2: Temp=50.77 Hum=0.00 Viento=16.90
Region 6 -> Dia+2: Temp=91.02 Hum=0.00 Viento=33.85
Region 17 -> Dia+2: Temp=63.26 Hum=54.89 Viento=26.07
Region 14 -> Dia+2: Temp=12.15 Hum=69.37 Viento=19.09
Region 25 -> Dia+2: Temp=6.63 Hum=100.00 Viento=-0.00
Region 31 -> Dia+2: Temp=64.23 Hum=91.09 Viento=22.92
Region 7 -> Dia+2: Temp=37.29 Hum=100.00 Viento=-0.01
Region 15 -> Dia+2: Temp=69.69 Hum=68.47 Viento=7.84
Region 22 -> Dia+2: Temp=43.37 Hum=0.00 Viento=37.51
Region 11 -> Dia+2: Temp=-5.37 Hum=51.02 Viento=5.40
Region 26 -> Dia+2: Temp=65.34 Hum=22.70 Viento=-0.00
Region 23 -> Dia+2: Temp=87.87 Hum=13.17 Viento=27.99
Region 18 -> Dia+2: Temp=104.11 Hum=100.00 Viento=-0.00
Region 27 -> Dia+2: Temp=47.69 Hum=100.00 Viento=-0.00
Region 19 -> Dia+2: Temp=68.21 Hum=100.00 Viento=31.47
Region 12 -> Dia+3: Temp=33.55 Hum=20.13 Viento=17.79
Region 0 -> Dia+3: Temp=-8.13 Hum=100.00 Viento=-0.00
Region 13 -> Dia+3: Temp=57.59 Hum=8.89 Viento=-0.00
Region 1 -> Dia+3: Temp=37.63 Hum=10.94 Viento=47.79
Region 8 -> Dia+3: Temp=73.47 Hum=0.00 Viento=-0.00
Region 16 -> Dia+3: Temp=47.19 Hum=100.00 Viento=4.49
Region 24 -> Dia+3: Temp=-10.71 Hum=24.43 Viento=-0.00
Region 14 -> Dia+3: Temp=12.14 Hum=69.37 Viento=19.09
Region 2 -> Dia+3: Temp=91.97 Hum=100.00 Viento=-0.00
Region 17 -> Dia+3: Temp=63.27 Hum=54.89 Viento=26.08
Region 4 -> Dia+3: Temp=71.25 Hum=100.00 Viento=25.63
Region 28 -> Dia+3: Temp=-11.31 Hum=97.48 Viento=-0.00
Region 9 -> Dia+3: Temp=39.96 Hum=13.36 Viento=8.60
Region 25 -> Dia+3: Temp=6.63 Hum=100.00 Viento=-0.00
Region 15 -> Dia+3: Temp=69.70 Hum=68.47 Viento=7.84
Region 3 -> Dia+3: Temp=1.57 Hum=100.00 Viento=-0.01
Region 18 -> Dia+3: Temp=104.12 Hum=100.00 Viento=-0.00
Region 20 -> Dia+3: Temp=41.20 Hum=0.25 Viento=-0.00
Region 19 -> Dia+3: Temp=68.22 Hum=100.00 Viento=31.48
Region 5 -> Dia+3: Temp=9.69 Hum=100.00 Viento=-0.00
Region 29 -> Dia+3: Temp=100.02 Hum=100.00 Viento=30.22
Region 21 -> Dia+3: Temp=12.58 Hum=0.00 Viento=22.02
Region 6 -> Dia+3: Temp=91.04 Hum=0.00 Viento=33.86
Region 10 -> Dia+3: Temp=85.35 Hum=100.00 Viento=-0.01
Region 30 -> Dia+3: Temp=50.78 Hum=0.00 Viento=16.90
Region 22 -> Dia+3: Temp=43.37 Hum=0.00 Viento=37.51
Region 7 -> Dia+3: Temp=37.29 Hum=100.00 Viento=-0.01
Region 11 -> Dia+3: Temp=-5.37 Hum=51.02 Viento=5.40
Region 31 -> Dia+3: Temp=64.24 Hum=91.10 Viento=22.92
Region 23 -> Dia+3: Temp=87.88 Hum=13.16 Viento=27.99
Region 26 -> Dia+3: Temp=65.35 Hum=22.69 Viento=-0.00
Region 27 -> Dia+3: Temp=47.69 Hum=100.00 Viento=-0.00
Region 12 -> Dia+4: Temp=33.55 Hum=20.12 Viento=17.79
Region 0 -> Dia+4: Temp=-8.14 Hum=100.00 Viento=-0.00
Region 16 -> Dia+4: Temp=47.20 Hum=100.00 Viento=4.49
Region 13 -> Dia+4: Temp=57.60 Hum=8.88 Viento=-0.01
Region 1 -> Dia+4: Temp=37.63 Hum=10.93 Viento=47.80
Region 17 -> Dia+4: Temp=63.28 Hum=54.90 Viento=26.09
Region 28 -> Dia+4: Temp=-11.32 Hum=97.49 Viento=-0.00
Region 4 -> Dia+4: Temp=71.27 Hum=100.00 Viento=25.63
Region 24 -> Dia+4: Temp=-10.72 Hum=24.42 Viento=-0.00
Region 8 -> Dia+4: Temp=73.48 Hum=0.00 Viento=-0.00
Region 14 -> Dia+4: Temp=12.14 Hum=69.37 Viento=19.10
Region 2 -> Dia+4: Temp=91.99 Hum=100.00 Viento=-0.00
Region 18 -> Dia+4: Temp=104.14 Hum=100.00 Viento=-0.00
Region 9 -> Dia+4: Temp=39.97 Hum=13.34 Viento=8.60
Region 20 -> Dia+4: Temp=41.20 Hum=0.24 Viento=-0.00
Region 25 -> Dia+4: Temp=6.62 Hum=100.00 Viento=-0.00
Region 15 -> Dia+4: Temp=69.71 Hum=68.46 Viento=7.84
Region 3 -> Dia+4: Temp=1.57 Hum=100.00 Viento=-0.01
Region 19 -> Dia+4: Temp=68.23 Hum=100.00 Viento=31.48
Region 10 -> Dia+4: Temp=85.36 Hum=100.00 Viento=-0.01
Region 29 -> Dia+4: Temp=100.04 Hum=100.00 Viento=30.22
Region 11 -> Dia+4: Temp=-5.38 Hum=51.02 Viento=5.40
Region 26 -> Dia+4: Temp=65.36 Hum=22.68 Viento=-0.00
Region 30 -> Dia+4: Temp=50.78 Hum=0.00 Viento=16.90
Region 21 -> Dia+4: Temp=12.58 Hum=0.00 Viento=22.02
Region 5 -> Dia+4: Temp=9.69 Hum=100.00 Viento=-0.01
Region 27 -> Dia+4: Temp=47.70 Hum=100.00 Viento=-0.00
Region 31 -> Dia+4: Temp=64.25 Hum=91.11 Viento=22.93
Region 22 -> Dia+4: Temp=43.37 Hum=0.00 Viento=37.52
Region 6 -> Dia+4: Temp=91.06 Hum=0.00 Viento=33.86
Region 23 -> Dia+4: Temp=87.90 Hum=13.15 Viento=28.00
Region 7 -> Dia+4: Temp=37.30 Hum=100.00 Viento=-0.01
Region 12 -> Dia+5: Temp=33.56 Hum=20.10 Viento=17.80
Region 0 -> Dia+5: Temp=-8.14 Hum=100.00 Viento=-0.00
Region 8 -> Dia+5: Temp=73.49 Hum=0.00 Viento=-0.00
Region 16 -> Dia+5: Temp=47.20 Hum=100.00 Viento=4.49
Region 13 -> Dia+5: Temp=57.60 Hum=8.87 Viento=-0.01
Region 1 -> Dia+5: Temp=37.63 Hum=10.92 Viento=47.81
Region 9 -> Dia+5: Temp=39.97 Hum=13.33 Viento=8.61
Region 17 -> Dia+5: Temp=63.29 Hum=54.90 Viento=26.09
Region 4 -> Dia+5: Temp=71.28 Hum=100.00 Viento=25.64
Region 20 -> Dia+5: Temp=41.21 Hum=0.22 Viento=-0.00
Region 28 -> Dia+5: Temp=-11.33 Hum=97.49 Viento=-0.00
Region 24 -> Dia+5: Temp=-10.73 Hum=24.42 Viento=-0.00
Region 14 -> Dia+5: Temp=12.14 Hum=69.37 Viento=19.10
Region 2 -> Dia+5: Temp=92.01 Hum=100.00 Viento=-0.00
Region 10 -> Dia+5: Temp=85.38 Hum=100.00 Viento=-0.01
Region 18 -> Dia+5: Temp=104.16 Hum=100.00 Viento=-0.00
Region 25 -> Dia+5: Temp=6.62 Hum=100.00 Viento=-0.00
Region 15 -> Dia+5: Temp=69.72 Hum=68.46 Viento=7.84
Region 3 -> Dia+5: Temp=1.56 Hum=100.00 Viento=-0.01
Region 11 -> Dia+5: Temp=-5.39 Hum=51.02 Viento=5.40
Region 19 -> Dia+5: Temp=68.24 Hum=100.00 Viento=31.49
Region 21 -> Dia+5: Temp=12.58 Hum=0.00 Viento=22.03
Region 5 -> Dia+5: Temp=9.69 Hum=100.00 Viento=-0.01
Region 29 -> Dia+5: Temp=100.06 Hum=100.00 Viento=30.23
Region 26 -> Dia+5: Temp=65.38 Hum=22.67 Viento=-0.00
Region 22 -> Dia+5: Temp=43.38 Hum=0.00 Viento=37.53
Region 6 -> Dia+5: Temp=91.07 Hum=0.00 Viento=33.87
Region 30 -> Dia+5: Temp=50.79 Hum=0.00 Viento=16.90
Region 27 -> Dia+5: Temp=47.70 Hum=100.00 Viento=-0.00
Region 23 -> Dia+5: Temp=87.91 Hum=13.15 Viento=28.00
Region 7 -> Dia+5: Temp=37.30 Hum=100.00 Viento=-0.01
Region 31 -> Dia+5: Temp=64.26 Hum=91.12 Viento=22.93
Region 12 -> Dia+6: Temp=33.56 Hum=20.09 Viento=17.80
Region 0 -> Dia+6: Temp=-8.15 Hum=100.00 Viento=-0.00
Region 8 -> Dia+6: Temp=73.51 Hum=0.00 Viento=-0.00
Region 16 -> Dia+6: Temp=47.21 Hum=100.00 Viento=4.49
Region 13 -> Dia+6: Temp=57.61 Hum=8.85 Viento=-0.01
Region 1 -> Dia+6: Temp=37.64 Hum=10.90 Viento=47.82
Region 9 -> Dia+6: Temp=39.97 Hum=13.31 Viento=8.61
Region 24 -> Dia+6: Temp=-10.74 Hum=24.41 Viento=-0.00
Region 28 -> Dia+6: Temp=-11.34 Hum=97.50 Viento=-0.00
Region 17 -> Dia+6: Temp=63.30 Hum=54.90 Viento=26.10
Region 4 -> Dia+6: Temp=71.29 Hum=100.00 Viento=25.64
Region 20 -> Dia+6: Temp=41.21 Hum=0.21 Viento=-0.00
Region 14 -> Dia+6: Temp=12.13 Hum=69.37 Viento=19.10
Region 2 -> Dia+6: Temp=92.03 Hum=100.00 Viento=-0.00
Region 10 -> Dia+6: Temp=85.39 Hum=100.00 Viento=-0.01
Region 18 -> Dia+6: Temp=104.18 Hum=100.00 Viento=-0.00
Region 25 -> Dia+6: Temp=6.61 Hum=100.00 Viento=-0.00
Region 21 -> Dia+6: Temp=12.57 Hum=0.00 Viento=22.03
Region 15 -> Dia+6: Temp=69.73 Hum=68.46 Viento=7.84
Region 3 -> Dia+6: Temp=1.56 Hum=100.00 Viento=-0.02
Region 11 -> Dia+6: Temp=-5.39 Hum=51.02 Viento=5.40
Region 19 -> Dia+6: Temp=68.25 Hum=100.00 Viento=31.49
Region 29 -> Dia+6: Temp=100.08 Hum=100.00 Viento=30.24
Region 5 -> Dia+6: Temp=9.68 Hum=100.00 Viento=-0.01
Region 22 -> Dia+6: Temp=43.38 Hum=0.00 Viento=37.54
Region 26 -> Dia+6: Temp=65.39 Hum=22.67 Viento=-0.00
Region 30 -> Dia+6: Temp=50.80 Hum=0.00 Viento=16.91
Region 6 -> Dia+6: Temp=91.09 Hum=0.00 Viento=33.88
Region 23 -> Dia+6: Temp=87.93 Hum=13.14 Viento=28.01
Region 27 -> Dia+6: Temp=47.71 Hum=100.00 Viento=-0.00
Region 31 -> Dia+6: Temp=64.27 Hum=91.13 Viento=22.93
Region 7 -> Dia+6: Temp=37.30 Hum=100.00 Viento=-0.02
Region 12 -> Dia+7: Temp=33.56 Hum=20.08 Viento=17.80
Region 0 -> Dia+7: Temp=-8.16 Hum=100.00 Viento=-0.00
Region 8 -> Dia+7: Temp=73.52 Hum=0.00 Viento=-0.00
Region 16 -> Dia+7: Temp=47.21 Hum=100.00 Viento=4.50
Region 13 -> Dia+7: Temp=57.62 Hum=8.84 Viento=-0.01
Region 4 -> Dia+7: Temp=71.30 Hum=100.00 Viento=25.65
Region 1 -> Dia+7: Temp=37.64 Hum=10.89 Viento=47.83
Region 9 -> Dia+7: Temp=39.98 Hum=13.29 Viento=8.61
Region 17 -> Dia+7: Temp=63.31 Hum=54.90 Viento=26.10
Region 20 -> Dia+7: Temp=41.21 Hum=0.20 Viento=-0.00
Region 24 -> Dia+7: Temp=-10.75 Hum=24.41 Viento=-0.00
Region 28 -> Dia+7: Temp=-11.35 Hum=97.50 Viento=-0.00
Region 14 -> Dia+7: Temp=12.13 Hum=69.37 Viento=19.11
Region 2 -> Dia+7: Temp=92.04 Hum=100.00 Viento=-0.00
Region 10 -> Dia+7: Temp=85.41 Hum=100.00 Viento=-0.01
Region 18 -> Dia+7: Temp=104.20 Hum=100.00 Viento=-0.00
Region 5 -> Dia+7: Temp=9.68 Hum=100.00 Viento=-0.01
Region 21 -> Dia+7: Temp=12.57 Hum=0.00 Viento=22.03
Region 25 -> Dia+7: Temp=6.61 Hum=100.00 Viento=-0.00
Region 29 -> Dia+7: Temp=100.09 Hum=100.00 Viento=30.24
Region 15 -> Dia+7: Temp=69.74 Hum=68.46 Viento=7.84
Region 3 -> Dia+7: Temp=1.55 Hum=100.00 Viento=-0.02
Region 11 -> Dia+7: Temp=-5.40 Hum=51.02 Viento=5.39
Region 19 -> Dia+7: Temp=68.27 Hum=100.00 Viento=31.50
Region 6 -> Dia+7: Temp=91.11 Hum=0.00 Viento=33.89
Region 30 -> Dia+7: Temp=50.80 Hum=0.00 Viento=16.91
Region 26 -> Dia+7: Temp=65.40 Hum=22.66 Viento=-0.00
Region 22 -> Dia+7: Temp=43.38 Hum=0.00 Viento=37.54
Region 7 -> Dia+7: Temp=37.30 Hum=100.00 Viento=-0.02
Region 31 -> Dia+7: Temp=64.28 Hum=91.14 Viento=22.94
Region 27 -> Dia+7: Temp=47.72 Hum=100.00 Viento=-0.00
Region 23 -> Dia+7: Temp=87.94 Hum=13.13 Viento=28.01
Region 12 -> Dia+8: Temp=33.56 Hum=20.07 Viento=17.80
Region 0 -> Dia+8: Temp=-8.17 Hum=100.00 Viento=-0.01
Region 8 -> Dia+8: Temp=73.54 Hum=0.00 Viento=-0.00
Region 16 -> Dia+8: Temp=47.22 Hum=100.00 Viento=4.50
Region 13 -> Dia+8: Temp=57.63 Hum=8.83 Viento=-0.01
Region 1 -> Dia+8: Temp=37.64 Hum=10.88 Viento=47.84
Region 9 -> Dia+8: Temp=39.98 Hum=13.28 Viento=8.61
Region 4 -> Dia+8: Temp=71.32 Hum=100.00 Viento=25.65
Region 17 -> Dia+8: Temp=63.32 Hum=54.90 Viento=26.11
Region 24 -> Dia+8: Temp=-10.76 Hum=24.40 Viento=-0.00
Region 28 -> Dia+8: Temp=-11.35 Hum=97.51 Viento=-0.00
Region 20 -> Dia+8: Temp=41.22 Hum=0.18 Viento=-0.00
Region 14 -> Dia+8: Temp=12.13 Hum=69.37 Viento=19.11
Region 2 -> Dia+8: Temp=92.06 Hum=100.00 Viento=-0.00
Region 10 -> Dia+8: Temp=85.42 Hum=100.00 Viento=-0.02
Region 18 -> Dia+8: Temp=104.22 Hum=100.00 Viento=-0.00
Region 5 -> Dia+8: Temp=9.67 Hum=100.00 Viento=-0.01
Region 25 -> Dia+8: Temp=6.60 Hum=100.00 Viento=-0.00
Region 29 -> Dia+8: Temp=100.11 Hum=100.00 Viento=30.25
Region 21 -> Dia+8: Temp=12.57 Hum=0.00 Viento=22.04
Region 15 -> Dia+8: Temp=69.75 Hum=68.46 Viento=7.84
Region 3 -> Dia+8: Temp=1.55 Hum=100.00 Viento=-0.02
Region 11 -> Dia+8: Temp=-5.40 Hum=51.03 Viento=5.39
Region 19 -> Dia+8: Temp=68.28 Hum=100.00 Viento=31.51
Region 22 -> Dia+8: Temp=43.39 Hum=0.00 Viento=37.55
Region 6 -> Dia+8: Temp=91.12 Hum=0.00 Viento=33.89
Region 26 -> Dia+8: Temp=65.41 Hum=22.65 Viento=-0.01
Region 30 -> Dia+8: Temp=50.81 Hum=0.00 Viento=16.91
Region 23 -> Dia+8: Temp=87.96 Hum=13.13 Viento=28.02
Region 7 -> Dia+8: Temp=37.31 Hum=100.00 Viento=-0.02
Region 27 -> Dia+8: Temp=47.72 Hum=100.00 Viento=-0.00
Region 31 -> Dia+8: Temp=64.28 Hum=91.15 Viento=22.94
Region 12 -> Dia+9: Temp=33.57 Hum=20.06 Viento=17.81
Region 0 -> Dia+9: Temp=-8.17 Hum=100.00 Viento=-0.01
Region 8 -> Dia+9: Temp=73.55 Hum=0.00 Viento=-0.00
Region 16 -> Dia+9: Temp=47.22 Hum=100.00 Viento=4.50
Region 13 -> Dia+9: Temp=57.63 Hum=8.82 Viento=-0.01
Region 1 -> Dia+9: Temp=37.65 Hum=10.87 Viento=47.85
Region 9 -> Dia+9: Temp=39.98 Hum=13.26 Viento=8.61
Region 17 -> Dia+9: Temp=63.33 Hum=54.90 Viento=26.11
Region 20 -> Dia+9: Temp=41.22 Hum=0.17 Viento=-0.00
Region 4 -> Dia+9: Temp=71.33 Hum=100.00 Viento=25.66
Region 24 -> Dia+9: Temp=-10.77 Hum=24.40 Viento=-0.00
Region 28 -> Dia+9: Temp=-11.36 Hum=97.51 Viento=-0.00
Region 14 -> Dia+9: Temp=12.12 Hum=69.37 Viento=19.12
Region 2 -> Dia+9: Temp=92.08 Hum=100.00 Viento=-0.00
Region 10 -> Dia+9: Temp=85.44 Hum=100.00 Viento=-0.02
Region 18 -> Dia+9: Temp=104.24 Hum=100.00 Viento=-0.00
Region 21 -> Dia+9: Temp=12.57 Hum=0.00 Viento=22.04
Region 5 -> Dia+9: Temp=9.67 Hum=100.00 Viento=-0.01
Region 25 -> Dia+9: Temp=6.60 Hum=100.00 Viento=-0.00
Region 29 -> Dia+9: Temp=100.13 Hum=100.00 Viento=30.25
Region 15 -> Dia+9: Temp=69.76 Hum=68.45 Viento=7.84
Region 3 -> Dia+9: Temp=1.54 Hum=100.00 Viento=-0.03
Region 11 -> Dia+9: Temp=-5.41 Hum=51.03 Viento=5.39
Region 19 -> Dia+9: Temp=68.29 Hum=100.00 Viento=31.51
Region 30 -> Dia+9: Temp=50.81 Hum=0.00 Viento=16.92
Region 6 -> Dia+9: Temp=91.14 Hum=0.00 Viento=33.90
Region 26 -> Dia+9: Temp=65.42 Hum=22.64 Viento=-0.01
Region 22 -> Dia+9: Temp=43.39 Hum=0.00 Viento=37.56
Region 31 -> Dia+9: Temp=64.29 Hum=91.16 Viento=22.95
Region 7 -> Dia+9: Temp=37.31 Hum=100.00 Viento=-0.03
Region 27 -> Dia+9: Temp=47.73 Hum=100.00 Viento=-0.00
Region 23 -> Dia+9: Temp=87.97 Hum=13.12 Viento=28.02
Region 12 -> Dia+10: Temp=33.57 Hum=20.04 Viento=17.81
Region 0 -> Dia+10: Temp=-8.18 Hum=100.00 Viento=-0.01
Region 8 -> Dia+10: Temp=73.56 Hum=0.00 Viento=-0.00
Region 16 -> Dia+10: Temp=47.23 Hum=100.00 Viento=4.50
Region 13 -> Dia+10: Temp=57.64 Hum=8.80 Viento=-0.02
Region 1 -> Dia+10: Temp=37.65 Hum=10.85 Viento=47.86
Region 9 -> Dia+10: Temp=39.99 Hum=13.24 Viento=8.61
Region 4 -> Dia+10: Temp=71.34 Hum=100.00 Viento=25.66
Region 17 -> Dia+10: Temp=63.34 Hum=54.90 Viento=26.12
Region 24 -> Dia+10: Temp=-10.77 Hum=24.39 Viento=-0.00
Region 28 -> Dia+10: Temp=-11.37 Hum=97.52 Viento=-0.00
Region 20 -> Dia+10: Temp=41.23 Hum=0.16 Viento=-0.00
Region 14 -> Dia+10: Temp=12.12 Hum=69.37 Viento=19.12
Region 2 -> Dia+10: Temp=92.10 Hum=100.00 Viento=-0.00
Region 10 -> Dia+10: Temp=85.46 Hum=100.00 Viento=-0.02
Region 18 -> Dia+10: Temp=104.26 Hum=100.00 Viento=-0.01
Region 5 -> Dia+10: Temp=9.67 Hum=100.00 Viento=-0.01
Region 25 -> Dia+10: Temp=6.60 Hum=100.00 Viento=-0.00
Region 29 -> Dia+10: Temp=100.15 Hum=100.00 Viento=30.26
Region 15 -> Dia+10: Temp=69.77 Hum=68.45 Viento=7.84
Region 3 -> Dia+10: Temp=1.54 Hum=100.00 Viento=-0.03
Region 11 -> Dia+10: Temp=-5.42 Hum=51.03 Viento=5.39
Region 21 -> Dia+10: Temp=12.57 Hum=0.00 Viento=22.04
Region 19 -> Dia+10: Temp=68.30 Hum=100.00 Viento=31.52
Region 6 -> Dia+10: Temp=91.16 Hum=0.00 Viento=33.91
Region 26 -> Dia+10: Temp=65.43 Hum=22.63 Viento=-0.01
Region 22 -> Dia+10: Temp=43.39 Hum=0.00 Viento=37.56
Region 7 -> Dia+10: Temp=37.31 Hum=100.00 Viento=-0.03
Region 30 -> Dia+10: Temp=50.82 Hum=0.00 Viento=16.92
Region 27 -> Dia+10: Temp=47.74 Hum=100.00 Viento=-0.00
Region 23 -> Dia+10: Temp=87.98 Hum=13.11 Viento=28.02
Region 31 -> Dia+10: Temp=64.30 Hum=91.17 Viento=22.95
Tiempo total (paralelo,8 hilos)=0.001893 s
